# Object ds1.example.com:1389: uid=user.2,ou=People,dc=example,dc=com = MISSING
dn: uid=user.2,ou=People,dc=example,dc=com
objectClass: top
objectClass: inetOrgPerson
objectClass: organizationalPerson
objectClass: person
mail: user.2@example.com
initials: AOA
homePhone: +1 003 428 0962
pager: +1 053 688 9803
givenName: Aarika
employeeNumber: 2
telephoneNumber: +1 757 462 0301
mobile: +1 279 618 3901
sn: Atpco
cn: Aarika Atpco
userPassword: {SSHA512}7PfYCQE/rthHxg9kNYW+XauZL2CpfS8BrDl584e6OKUE1hxqngWR50AS9YExA0Z0L1Fs7p9cfuvcIbBr53VzUqtuorC1tXKr
description: H7qwG0CySVMRlwsA
street: 00900 Maple Street
st: KS
postalAddress: Aarika Atpco$00900 Maple Street$New Orleans, KS  10857
uid: user.2
l: New Orleans
postalCode: 10857

# Object ds0.example.com:1389: uid=user.3,ou=People,dc=example,dc=com = NOT MATCHING
dn: uid=user.3,ou=People,dc=example,dc=com
objectClass: top
objectClass: inetOrgPerson
objectClass: organizationalPerson
objectClass: person
mail: user.3@example.com
initials: AKA
homePhone: +1 332 432 4295
pager: +1 197 025 3730
givenName: Aaron
employeeNumber: 3
telephoneNumber: +1 888 888 8888
mobile: +1 890 430 9077
sn: Atrc
cn: Aaron Atrc
userPassword: {SSHA512}BE46x4frIwx/xEldOE9zFlXbsYTq7T5hzAuftR1PspazhbOTStOpXOwSkc2NHpK+4TKmkWi/5S2syEEbBPLt2UqtWN+9vogZ
description: PlxcuuUUEavkiTf3
street: 59748 Willow Street
st: TN
postalAddress: Aaron Atrc$59748 Willow Street$Green Bay, TN  66239
uid: user.3
l: Green Bay
postalCode: 66239

# Object ds1.example.com:1389: uid=user.3,ou=People,dc=example,dc=com = NOT MATCHING
dn: uid=user.3,ou=People,dc=example,dc=com
objectClass: top
objectClass: inetOrgPerson
objectClass: organizationalPerson
objectClass: person
mail: user.3@example.com
initials: AKA
homePhone: +1 332 432 4295
pager: +1 197 025 3730
givenName: Aaron
employeeNumber: 3
telephoneNumber: +1 094 100 7524
mobile: +1 890 430 9077
sn: Atrc
cn: Aaron Atrc
userPassword: {SSHA512}BE46x4frIwx/xEldOE9zFlXbsYTq7T5hzAuftR1PspazhbOTStOpXOwSkc2NHpK+4TKmkWi/5S2syEEbBPLt2UqtWN+9vogZ
description: PlxcuuUUEavkiTf3
street: 59748 Willow Street
st: TN
postalAddress: Aaron Atrc$59748 Willow Street$Green Bay, TN  66239
uid: user.3
l: Green Bay
postalCode: 66239

