# Object ds0.example.com:1389: uid=user.1,ou=People,dc=example,dc=com = NOT MATCHING
dn: uid=user.1,ou=People,dc=example,dc=com
objectClass: top
objectClass: inetOrgPerson
objectClass: organizationalPerson
objectClass: person
mail: user.1@example.com
initials: ALA
homePhone: +1 280 375 4325
pager: +1 850 883 8888
givenName: Aaren
employeeNumber: 1
telephoneNumber: +1 999 999 9999
mobile: +1 680 734 6300
sn: Atp
cn: Aaren Atp
userPassword: {SSHA512}eEgUDJeDnp2GubuELTiwz9pJbO09nIH581fct5x3pMa8odO6ynJCc1yI7xmLfvqAaQwwStFO87ZdXfK40cJM+Lu05Y/Gl6tx
description: 7KGwqFV4EQFoWDWb
street: 70110 Fourth Street
st: OH
postalAddress: Aaren Atp$70110 Fourth Street$New Haven, OH  93694
uid: user.1
l: New Haven
postalCode: 93694

# Object ds1.example.com:1389: uid=user.1,ou=People,dc=example,dc=com = NOT MATCHING
dn: uid=user.1,ou=People,dc=example,dc=com
objectClass: top
objectClass: inetOrgPerson
objectClass: organizationalPerson
objectClass: person
mail: user.1@example.com
initials: ALA
homePhone: +1 280 375 4325
pager: +1 850 883 8888
givenName: Aaren
employeeNumber: 1
telephoneNumber: +1 390 103 6917
mobile: +1 680 734 6300
sn: Atp
cn: Aaren Atp
userPassword: {SSHA512}eEgUDJeDnp2GubuELTiwz9pJbO09nIH581fct5x3pMa8odO6ynJCc1yI7xmLfvqAaQwwStFO87ZdXfK40cJM+Lu05Y/Gl6tx
description: 7KGwqFV4EQFoWDWb
street: 70110 Fourth Street
st: OH
postalAddress: Aaren Atp$70110 Fourth Street$New Haven, OH  93694
uid: user.1
l: New Haven
postalCode: 93694

# Object ds0.example.com:1389: uid=user.101922,ou=People,dc=example,dc=com = NOT MATCHING
dn: uid=user.101922,ou=People,dc=example,dc=com
objectClass: top
objectClass: inetOrgPerson
objectClass: organizationalPerson
objectClass: person
mail: user.101922@example.com
initials: TAM
homePhone: +1 026 388 1132
pager: +1 266 619 9540
givenName: Tresrch
employeeNumber: 101922
telephoneNumber: +1 478 320 5159
mobile: +1 469 143 1303
sn: McNitt
cn: Tresrch McNitt
userPassword: {SSHA512}4zdRqxjYoCq9ePVpYRTVbULvTj9v3CQ5NXCPdi8wHiKwK1Ar8Y3deSvztsBd6jn7lmmKOGmbIFU2XrYqzNeI5A+vddRRE+Q5
description: p5XB4NXM7iQGY6jf
street: 96031 Taylor Street
st: IL
postalAddress: Tresrch McNitt$96031 Taylor Street$Savannah, IL  07807
uid: user.101922
l: Savannah
postalCode: 07807

# Object ds1.example.com:1389: uid=user.101922,ou=People,dc=example,dc=com = NOT MATCHING
dn: uid=user.101922,ou=People,dc=example,dc=com
objectClass: top
objectClass: inetOrgPerson
objectClass: organizationalPerson
objectClass: person
mail: user.101922@example.com
initials: TAM
homePhone: +1 026 388 1132
pager: +1 266 619 9540
givenName: Tresrch
employeeNumber: 101922
telephoneNumber: +1 478 320 5159
mobile: +1 469 143 1303
sn: McNitt
cn: Tresrch McNitt
userPassword: {SSHA512}4zdRqxjYoCq9ePVpYRTVbULvTj9v3CQ5NXCPdi8wHiKwK1Ar8Y3deSvztsBd6jn7lmmKOGmbIFU2XrYqzNeI5A+vddRRE+Q5
description: p5XB4NXM7iQGY6jf
street: 96031 Taylor Street
st: IL
postalAddress: Tresrch McNitt$96031 Taylor Street$Savannah, IL  07807
uid: user.101922
l: Savannah
postalCode: 07807

# Object ds0.example.com:1389: uid=user.82065,ou=People,dc=example,dc=com = NOT MATCHING
dn: uid=user.82065,ou=People,dc=example,dc=com
objectClass: top
objectClass: inetOrgPerson
objectClass: organizationalPerson
objectClass: person
mail: user.82065@example.com
initials: CFB
homePhone: +1 022 430 8055
pager: +1 046 734 0875
givenName: Claretta
employeeNumber: 82065
telephoneNumber: +1 029 047 5037
mobile: +1 687 372 5460
sn: Buchanan
cn: Claretta Buchanan
userPassword: {SSHA512}P3V7JBGu/C0itkP4N0XZneI8mPbdolXtlozswcePFOhGx0Q+1zjSuYttbsLDIpbfOvDxVhQAb5yHqt8f9kXahki73zXaQae4
description: CvSjQo6Z7N1uz0ul
street: 34397 Eighth Street
st: LA
postalAddress: Claretta Buchanan$34397 Eighth Street$Youngstown, LA  19235
uid: user.82065
l: Youngstown
postalCode: 19235

# Object ds1.example.com:1389: uid=user.82065,ou=People,dc=example,dc=com = NOT MATCHING
dn: uid=user.82065,ou=People,dc=example,dc=com
objectClass: top
objectClass: inetOrgPerson
objectClass: organizationalPerson
objectClass: person
mail: user.82065@example.com
initials: CFB
homePhone: +1 022 430 8055
pager: +1 046 734 0875
givenName: Claretta
employeeNumber: 82065
telephoneNumber: +1 029 047 5037
mobile: +1 687 372 5460
sn: Buchanan
cn: Claretta Buchanan
userPassword: {SSHA512}P3V7JBGu/C0itkP4N0XZneI8mPbdolXtlozswcePFOhGx0Q+1zjSuYttbsLDIpbfOvDxVhQAb5yHqt8f9kXahki73zXaQae4
description: CvSjQo6Z7N1uz0ul
street: 34397 Eighth Street
st: LA
postalAddress: Claretta Buchanan$34397 Eighth Street$Youngstown, LA  19235
uid: user.82065
l: Youngstown
postalCode: 19235

# Object ds0.example.com:1389: uid=user.195252,ou=People,dc=example,dc=com = NOT MATCHING
dn: uid=user.195252,ou=People,dc=example,dc=com
objectClass: top
objectClass: inetOrgPerson
objectClass: organizationalPerson
objectClass: person
mail: user.195252@example.com
initials: SZM
homePhone: +1 993 879 2039
pager: +1 511 074 3083
givenName: Shuo
employeeNumber: 195252
telephoneNumber: +1 825 840 6508
mobile: +1 015 270 5769
sn: Maciel
cn: Shuo Maciel
userPassword: {SSHA512}9KhA4HQLYvG6lUtZi/Ov9cjarOf8z2nMZQaoEAR5mv96aEWGH2POot1s6YazgYElBAvKHDk4VTFzKU+WTjfWI4ftHOBBzBpR
description: V6jVfJSnQlKtOBKk
street: 92934 Mill Street
st: IN
postalAddress: Shuo Maciel$92934 Mill Street$Corpus Christi, IN  22709
uid: user.195252
l: Corpus Christi
postalCode: 22709

# Object ds1.example.com:1389: uid=user.195252,ou=People,dc=example,dc=com = NOT MATCHING
dn: uid=user.195252,ou=People,dc=example,dc=com
objectClass: top
objectClass: inetOrgPerson
objectClass: organizationalPerson
objectClass: person
mail: user.195252@example.com
initials: SZM
homePhone: +1 993 879 2039
pager: +1 511 074 3083
givenName: Shuo
employeeNumber: 195252
telephoneNumber: +1 825 840 6508
mobile: +1 015 270 5769
sn: Maciel
cn: Shuo Maciel
userPassword: {SSHA512}9KhA4HQLYvG6lUtZi/Ov9cjarOf8z2nMZQaoEAR5mv96aEWGH2POot1s6YazgYElBAvKHDk4VTFzKU+WTjfWI4ftHOBBzBpR
description: V6jVfJSnQlKtOBKk
street: 92934 Mill Street
st: IN
postalAddress: Shuo Maciel$92934 Mill Street$Corpus Christi, IN  22709
uid: user.195252
l: Corpus Christi
postalCode: 22709

# Object ds0.example.com:1389: uid=user.152743,ou=People,dc=example,dc=com = NOT MATCHING
dn: uid=user.152743,ou=People,dc=example,dc=com
objectClass: top
objectClass: inetOrgPerson
objectClass: organizationalPerson
objectClass: person
mail: user.152743@example.com
initials: MLH
homePhone: +1 230 260 2749
pager: +1 167 076 7971
givenName: Mady
employeeNumber: 152743
telephoneNumber: +1 589 450 5495
mobile: +1 640 073 2427
sn: Heppes
cn: Mady Heppes
userPassword: {SSHA512}rUMYPTCPn8S/WoxD5tlsL9xarY4JLcy2H+x9rmnkXXgncezZRNRvwruxbgb+fAwFhS7Ycajar13YjJUwlI/SaNE6EhZ6FFH4
description: cI2hEyPTjbkYiy36
street: 76014 Miller Street
st: IN
postalAddress: Mady Heppes$76014 Miller Street$Monroe, IN  66782
uid: user.152743
l: Monroe
postalCode: 66782

# Object ds1.example.com:1389: uid=user.152743,ou=People,dc=example,dc=com = NOT MATCHING
dn: uid=user.152743,ou=People,dc=example,dc=com
objectClass: top
objectClass: inetOrgPerson
objectClass: organizationalPerson
objectClass: person
mail: user.152743@example.com
initials: MLH
homePhone: +1 230 260 2749
pager: +1 167 076 7971
givenName: Mady
employeeNumber: 152743
telephoneNumber: +1 589 450 5495
mobile: +1 640 073 2427
sn: Heppes
cn: Mady Heppes
userPassword: {SSHA512}rUMYPTCPn8S/WoxD5tlsL9xarY4JLcy2H+x9rmnkXXgncezZRNRvwruxbgb+fAwFhS7Ycajar13YjJUwlI/SaNE6EhZ6FFH4
description: cI2hEyPTjbkYiy36
street: 76014 Miller Street
st: IN
postalAddress: Mady Heppes$76014 Miller Street$Monroe, IN  66782
uid: user.152743
l: Monroe
postalCode: 66782

# Object ds0.example.com:1389: uid=user.85989,ou=People,dc=example,dc=com = NOT MATCHING
dn: uid=user.85989,ou=People,dc=example,dc=com
objectClass: top
objectClass: inetOrgPerson
objectClass: organizationalPerson
objectClass: person
mail: user.85989@example.com
initials: MHH
homePhone: +1 239 930 5300
pager: +1 940 807 5120
givenName: Masamichi
employeeNumber: 85989
telephoneNumber: +1 843 254 0976
mobile: +1 353 139 2390
sn: Huddleston
cn: Masamichi Huddleston
userPassword: {SSHA512}2Hc6cTbNRUJOmAnD/kePZm3kkLOXhUxycQmEGQXIkV5IKEW3UWpAGcVZJgwF0Ve3G7X3b+LrgCaqpMHmqj7yvi1vWqzBLIWH
description: vtHNbfewOzRkaB55
street: 59637 River Street
st: RI
postalAddress: Masamichi Huddleston$59637 River Street$Zanesville, RI  12060
uid: user.85989
l: Zanesville
postalCode: 12060

# Object ds1.example.com:1389: uid=user.85989,ou=People,dc=example,dc=com = NOT MATCHING
dn: uid=user.85989,ou=People,dc=example,dc=com
objectClass: top
objectClass: inetOrgPerson
objectClass: organizationalPerson
objectClass: person
mail: user.85989@example.com
initials: MHH
homePhone: +1 239 930 5300
pager: +1 940 807 5120
givenName: Masamichi
employeeNumber: 85989
telephoneNumber: +1 843 254 0976
mobile: +1 353 139 2390
sn: Huddleston
cn: Masamichi Huddleston
userPassword: {SSHA512}2Hc6cTbNRUJOmAnD/kePZm3kkLOXhUxycQmEGQXIkV5IKEW3UWpAGcVZJgwF0Ve3G7X3b+LrgCaqpMHmqj7yvi1vWqzBLIWH
description: vtHNbfewOzRkaB55
street: 59637 River Street
st: RI
postalAddress: Masamichi Huddleston$59637 River Street$Zanesville, RI  12060
uid: user.85989
l: Zanesville
postalCode: 12060

# Object ds0.example.com:1389: uid=user.13122,ou=People,dc=example,dc=com = NOT MATCHING
dn: uid=user.13122,ou=People,dc=example,dc=com
objectClass: top
objectClass: inetOrgPerson
objectClass: organizationalPerson
objectClass: person
mail: user.13122@example.com
initials: KSW
homePhone: +1 892 206 7201
pager: +1 201 808 0004
givenName: Konrad
employeeNumber: 13122
telephoneNumber: +1 427 615 9281
mobile: +1 049 232 2980
sn: Wooten
cn: Konrad Wooten
userPassword: {SSHA512}lhj29ZX3jLnFtp2LoR9ARFm6Z82Q9ZjQFdECSH934U0UZ1749egjM8ymzAU8PxoXCaOyxg/qzojxd7RvMNMsWJ+sS+WiJ30O
description: X8dBCjyuLydwxp91
street: 68146 Locust Street
st: SC
postalAddress: Konrad Wooten$68146 Locust Street$Durham, SC  15469
uid: user.13122
l: Durham
postalCode: 15469

# Object ds1.example.com:1389: uid=user.13122,ou=People,dc=example,dc=com = NOT MATCHING
dn: uid=user.13122,ou=People,dc=example,dc=com
objectClass: top
objectClass: inetOrgPerson
objectClass: organizationalPerson
objectClass: person
mail: user.13122@example.com
initials: KSW
homePhone: +1 892 206 7201
pager: +1 201 808 0004
givenName: Konrad
employeeNumber: 13122
telephoneNumber: +1 427 615 9281
mobile: +1 049 232 2980
sn: Wooten
cn: Konrad Wooten
userPassword: {SSHA512}lhj29ZX3jLnFtp2LoR9ARFm6Z82Q9ZjQFdECSH934U0UZ1749egjM8ymzAU8PxoXCaOyxg/qzojxd7RvMNMsWJ+sS+WiJ30O
description: X8dBCjyuLydwxp91
street: 68146 Locust Street
st: SC
postalAddress: Konrad Wooten$68146 Locust Street$Durham, SC  15469
uid: user.13122
l: Durham
postalCode: 15469

# Object ds0.example.com:1389: uid=user.199170,ou=People,dc=example,dc=com = NOT MATCHING
dn: uid=user.199170,ou=People,dc=example,dc=com
objectClass: top
objectClass: inetOrgPerson
objectClass: organizationalPerson
objectClass: person
mail: user.199170@example.com
initials: FPS
homePhone: +1 269 443 1706
pager: +1 823 855 0500
givenName: Fawne
employeeNumber: 199170
telephoneNumber: +1 128 308 3944
mobile: +1 999 530 2320
sn: Sobkow
cn: Fawne Sobkow
userPassword: {SSHA512}XwbJH2Gw8L6pvcBMLai809DKZjnJYwWOQ782rkbvJcoviLvrVkGtb0uKotLfLQpmeE8xmCz8cOahuPM8y2SzfozXBC0aL9Ea
description: l6vpsrVoGFVZYnYS
street: 02188 Main Street
st: NY
postalAddress: Fawne Sobkow$02188 Main Street$Elmira, NY  22326
uid: user.199170
l: Elmira
postalCode: 22326

# Object ds1.example.com:1389: uid=user.199170,ou=People,dc=example,dc=com = NOT MATCHING
dn: uid=user.199170,ou=People,dc=example,dc=com
objectClass: top
objectClass: inetOrgPerson
objectClass: organizationalPerson
objectClass: person
mail: user.199170@example.com
initials: FPS
homePhone: +1 269 443 1706
pager: +1 823 855 0500
givenName: Fawne
employeeNumber: 199170
telephoneNumber: +1 128 308 3944
mobile: +1 999 530 2320
sn: Sobkow
cn: Fawne Sobkow
userPassword: {SSHA512}XwbJH2Gw8L6pvcBMLai809DKZjnJYwWOQ782rkbvJcoviLvrVkGtb0uKotLfLQpmeE8xmCz8cOahuPM8y2SzfozXBC0aL9Ea
description: l6vpsrVoGFVZYnYS
street: 02188 Main Street
st: NY
postalAddress: Fawne Sobkow$02188 Main Street$Elmira, NY  22326
uid: user.199170
l: Elmira
postalCode: 22326

# Object ds0.example.com:1389: uid=user.177254,ou=People,dc=example,dc=com = NOT MATCHING
dn: uid=user.177254,ou=People,dc=example,dc=com
objectClass: top
objectClass: inetOrgPerson
objectClass: organizationalPerson
objectClass: person
mail: user.177254@example.com
initials: FDD
homePhone: +1 150 264 1783
pager: +1 544 003 9057
givenName: Flossie
employeeNumber: 177254
telephoneNumber: +1 980 702 5294
mobile: +1 971 280 7528
sn: De Wiele
cn: Flossie De Wiele
userPassword: {SSHA512}DaJ8v9E/wC+41g6ERPPjvg1wRnOEmI7sTDFq7DPFp8bs3Ts4UH2jA8SbaSUaTndhSPHRCM+COyTIfuoJbAWFQvVyvd6FCsYn
description: SsEuoi73DOTAOub1
street: 82215 Locust Street
st: KY
postalAddress: Flossie De Wiele$82215 Locust Street$Steubenville, KY  92440
uid: user.177254
l: Steubenville
postalCode: 92440

# Object ds1.example.com:1389: uid=user.177254,ou=People,dc=example,dc=com = NOT MATCHING
dn: uid=user.177254,ou=People,dc=example,dc=com
objectClass: top
objectClass: inetOrgPerson
objectClass: organizationalPerson
objectClass: person
mail: user.177254@example.com
initials: FDD
homePhone: +1 150 264 1783
pager: +1 544 003 9057
givenName: Flossie
employeeNumber: 177254
telephoneNumber: +1 980 702 5294
mobile: +1 971 280 7528
sn: De Wiele
cn: Flossie De Wiele
userPassword: {SSHA512}DaJ8v9E/wC+41g6ERPPjvg1wRnOEmI7sTDFq7DPFp8bs3Ts4UH2jA8SbaSUaTndhSPHRCM+COyTIfuoJbAWFQvVyvd6FCsYn
description: SsEuoi73DOTAOub1
street: 82215 Locust Street
st: KY
postalAddress: Flossie De Wiele$82215 Locust Street$Steubenville, KY  92440
uid: user.177254
l: Steubenville
postalCode: 92440

# Object ds1.example.com:1389: uid=user.2,ou=People,dc=example,dc=com = MISSING
dn: uid=user.2,ou=People,dc=example,dc=com
objectClass: top
objectClass: inetOrgPerson
objectClass: organizationalPerson
objectClass: person
mail: user.2@example.com
initials: AOA
homePhone: +1 003 428 0962
pager: +1 053 688 9803
givenName: Aarika
employeeNumber: 2
telephoneNumber: +1 757 462 0301
mobile: +1 279 618 3901
sn: Atpco
cn: Aarika Atpco
userPassword: {SSHA512}7PfYCQE/rthHxg9kNYW+XauZL2CpfS8BrDl584e6OKUE1hxqngWR50AS9YExA0Z0L1Fs7p9cfuvcIbBr53VzUqtuorC1tXKr
description: This is the description for Aarika Atpco.
street: 00900 Maple Street
st: KS
postalAddress: Aarika Atpco$00900 Maple Street$New Orleans, KS  10857
uid: user.2
l: New Orleans
postalCode: 10857

# Object ds0.example.com:1389: uid=user.179286,ou=People,dc=example,dc=com = NOT MATCHING
dn: uid=user.179286,ou=People,dc=example,dc=com
objectClass: top
objectClass: inetOrgPerson
objectClass: organizationalPerson
objectClass: person
mail: user.179286@example.com
initials: LNH
homePhone: +1 344 850 8023
pager: +1 550 340 3727
givenName: Lilla
employeeNumber: 179286
telephoneNumber: +1 885 600 2756
mobile: +1 005 750 3363
sn: Halejak
cn: Lilla Halejak
userPassword: {SSHA512}CUVAqbp9yUThgGT/muVF7ciCHE+PPcH5/cPiENjpT1mkn7MRjvz6DSxfzD1AKZtUql+t7t5Xa5BRq4YqQNnekEMCB0x0+Tbq
description: 31PwikMZcCwg6BT3
street: 10318 Twelfth Street
st: WY
postalAddress: Lilla Halejak$10318 Twelfth Street$Missoula, WY  62946
uid: user.179286
l: Missoula
postalCode: 62946

# Object ds1.example.com:1389: uid=user.179286,ou=People,dc=example,dc=com = NOT MATCHING
dn: uid=user.179286,ou=People,dc=example,dc=com
objectClass: top
objectClass: inetOrgPerson
objectClass: organizationalPerson
objectClass: person
mail: user.179286@example.com
initials: LNH
homePhone: +1 344 850 8023
pager: +1 550 340 3727
givenName: Lilla
employeeNumber: 179286
telephoneNumber: +1 885 600 2756
mobile: +1 005 750 3363
sn: Halejak
cn: Lilla Halejak
userPassword: {SSHA512}CUVAqbp9yUThgGT/muVF7ciCHE+PPcH5/cPiENjpT1mkn7MRjvz6DSxfzD1AKZtUql+t7t5Xa5BRq4YqQNnekEMCB0x0+Tbq
description: 31PwikMZcCwg6BT3
street: 10318 Twelfth Street
st: WY
postalAddress: Lilla Halejak$10318 Twelfth Street$Missoula, WY  62946
uid: user.179286
l: Missoula
postalCode: 62946

# Object ds0.example.com:1389: uid=user.112628,ou=People,dc=example,dc=com = NOT MATCHING
dn: uid=user.112628,ou=People,dc=example,dc=com
objectClass: top
objectClass: inetOrgPerson
objectClass: organizationalPerson
objectClass: person
mail: user.112628@example.com
initials: MVH
homePhone: +1 340 363 6267
pager: +1 552 905 0513
givenName: Maressa
employeeNumber: 112628
telephoneNumber: +1 743 189 3340
mobile: +1 584 054 6858
sn: Hlady
cn: Maressa Hlady
userPassword: {SSHA512}pW5VHQM9XG6FKS6dhpbPABBBgo2VzIIPo/rx/X/nyVv4Z1edwREuYW1uqXRU/pAasRyqJ0qhoNpDxG0AnWHCb9PmNeMnuZqs
description: m8tMDu0eK9bE8raR
street: 28227 Lee Street
st: WV
postalAddress: Maressa Hlady$28227 Lee Street$Austin, WV  88079
uid: user.112628
l: Austin
postalCode: 88079

# Object ds1.example.com:1389: uid=user.112628,ou=People,dc=example,dc=com = NOT MATCHING
dn: uid=user.112628,ou=People,dc=example,dc=com
objectClass: top
objectClass: inetOrgPerson
objectClass: organizationalPerson
objectClass: person
mail: user.112628@example.com
initials: MVH
homePhone: +1 340 363 6267
pager: +1 552 905 0513
givenName: Maressa
employeeNumber: 112628
telephoneNumber: +1 743 189 3340
mobile: +1 584 054 6858
sn: Hlady
cn: Maressa Hlady
userPassword: {SSHA512}pW5VHQM9XG6FKS6dhpbPABBBgo2VzIIPo/rx/X/nyVv4Z1edwREuYW1uqXRU/pAasRyqJ0qhoNpDxG0AnWHCb9PmNeMnuZqs
description: m8tMDu0eK9bE8raR
street: 28227 Lee Street
st: WV
postalAddress: Maressa Hlady$28227 Lee Street$Austin, WV  88079
uid: user.112628
l: Austin
postalCode: 88079

# Object ds0.example.com:1389: uid=user.4538,ou=People,dc=example,dc=com = NOT MATCHING
dn: uid=user.4538,ou=People,dc=example,dc=com
objectClass: top
objectClass: inetOrgPerson
objectClass: organizationalPerson
objectClass: person
mail: user.4538@example.com
initials: KPG
homePhone: +1 240 078 7445
pager: +1 525 104 8674
givenName: Krinda
employeeNumber: 4538
telephoneNumber: +1 243 786 3774
mobile: +1 680 843 5941
sn: Gotchall
cn: Krinda Gotchall
userPassword: {SSHA512}RHMHSosm9Pv8lywxwEzcGs/Ba7qq/lbGEil9sr+9b+fKV/RyMwNt7AVrCtlJ+v2xNO7LN77Qi5u1s+hY9d6mXFAP3O7DwEgb
description: C5knLD742nXeunmL
street: 77038 Third Street
st: KS
postalAddress: Krinda Gotchall$77038 Third Street$Idaho Falls, KS  78927
uid: user.4538
l: Idaho Falls
postalCode: 78927

# Object ds1.example.com:1389: uid=user.4538,ou=People,dc=example,dc=com = NOT MATCHING
dn: uid=user.4538,ou=People,dc=example,dc=com
objectClass: top
objectClass: inetOrgPerson
objectClass: organizationalPerson
objectClass: person
mail: user.4538@example.com
initials: KPG
homePhone: +1 240 078 7445
pager: +1 525 104 8674
givenName: Krinda
employeeNumber: 4538
telephoneNumber: +1 243 786 3774
mobile: +1 680 843 5941
sn: Gotchall
cn: Krinda Gotchall
userPassword: {SSHA512}RHMHSosm9Pv8lywxwEzcGs/Ba7qq/lbGEil9sr+9b+fKV/RyMwNt7AVrCtlJ+v2xNO7LN77Qi5u1s+hY9d6mXFAP3O7DwEgb
description: C5knLD742nXeunmL
street: 77038 Third Street
st: KS
postalAddress: Krinda Gotchall$77038 Third Street$Idaho Falls, KS  78927
uid: user.4538
l: Idaho Falls
postalCode: 78927

# Object ds0.example.com:1389: uid=user.114493,ou=People,dc=example,dc=com = NOT MATCHING
dn: uid=user.114493,ou=People,dc=example,dc=com
objectClass: top
objectClass: inetOrgPerson
objectClass: organizationalPerson
objectClass: person
mail: user.114493@example.com
initials: SIL
homePhone: +1 220 972 6507
pager: +1 360 544 9094
givenName: Savina
employeeNumber: 114493
telephoneNumber: +1 631 852 7211
mobile: +1 714 290 8056
sn: Locke
cn: Savina Locke
userPassword: {SSHA512}Mbeit97WccAWxM7W+3lEp44xEIpz1CyWOLr6Me9qLz9bYxBopgqCysCBYrpi9zvmUliI7EF2e9u1mo4ql/4Z/vCt55PCR/xA
description: zbYCef8ccjsz3dvB
street: 23957 Railroad Street
st: RI
postalAddress: Savina Locke$23957 Railroad Street$Elmira, RI  60065
uid: user.114493
l: Elmira
postalCode: 60065

# Object ds1.example.com:1389: uid=user.114493,ou=People,dc=example,dc=com = NOT MATCHING
dn: uid=user.114493,ou=People,dc=example,dc=com
objectClass: top
objectClass: inetOrgPerson
objectClass: organizationalPerson
objectClass: person
mail: user.114493@example.com
initials: SIL
homePhone: +1 220 972 6507
pager: +1 360 544 9094
givenName: Savina
employeeNumber: 114493
telephoneNumber: +1 631 852 7211
mobile: +1 714 290 8056
sn: Locke
cn: Savina Locke
userPassword: {SSHA512}Mbeit97WccAWxM7W+3lEp44xEIpz1CyWOLr6Me9qLz9bYxBopgqCysCBYrpi9zvmUliI7EF2e9u1mo4ql/4Z/vCt55PCR/xA
description: zbYCef8ccjsz3dvB
street: 23957 Railroad Street
st: RI
postalAddress: Savina Locke$23957 Railroad Street$Elmira, RI  60065
uid: user.114493
l: Elmira
postalCode: 60065

# Object ds0.example.com:1389: uid=user.137465,ou=People,dc=example,dc=com = NOT MATCHING
dn: uid=user.137465,ou=People,dc=example,dc=com
objectClass: top
objectClass: inetOrgPerson
objectClass: organizationalPerson
objectClass: person
mail: user.137465@example.com
initials: HED
homePhone: +1 063 597 0886
pager: +1 497 797 8958
givenName: Hallie
employeeNumber: 137465
telephoneNumber: +1 818 771 6596
mobile: +1 480 600 3541
sn: Drenan
cn: Hallie Drenan
userPassword: {SSHA512}YWQYhskfTdgCi1rXc+hhGCQhe3tza0RqNQDbMh0UqDx7FFrTcfIHA8Og9zoOcR5P+0YGBvnPNm958gdayoXCpfNvjwhsLqwU
description: Ll1ZKLWzTGSNlyOc
street: 44227 Center Street
st: NC
postalAddress: Hallie Drenan$44227 Center Street$Montgomery, NC  63023
uid: user.137465
l: Montgomery
postalCode: 63023

# Object ds1.example.com:1389: uid=user.137465,ou=People,dc=example,dc=com = NOT MATCHING
dn: uid=user.137465,ou=People,dc=example,dc=com
objectClass: top
objectClass: inetOrgPerson
objectClass: organizationalPerson
objectClass: person
mail: user.137465@example.com
initials: HED
homePhone: +1 063 597 0886
pager: +1 497 797 8958
givenName: Hallie
employeeNumber: 137465
telephoneNumber: +1 818 771 6596
mobile: +1 480 600 3541
sn: Drenan
cn: Hallie Drenan
userPassword: {SSHA512}YWQYhskfTdgCi1rXc+hhGCQhe3tza0RqNQDbMh0UqDx7FFrTcfIHA8Og9zoOcR5P+0YGBvnPNm958gdayoXCpfNvjwhsLqwU
description: Ll1ZKLWzTGSNlyOc
street: 44227 Center Street
st: NC
postalAddress: Hallie Drenan$44227 Center Street$Montgomery, NC  63023
uid: user.137465
l: Montgomery
postalCode: 63023

# Object ds0.example.com:1389: uid=user.48918,ou=People,dc=example,dc=com = NOT MATCHING
dn: uid=user.48918,ou=People,dc=example,dc=com
objectClass: top
objectClass: inetOrgPerson
objectClass: organizationalPerson
objectClass: person
mail: user.48918@example.com
initials: ACN
homePhone: +1 736 620 4973
pager: +1 956 074 1417
givenName: Adey
employeeNumber: 48918
telephoneNumber: +1 500 149 5323
mobile: +1 849 355 1693
sn: Needham
cn: Adey Needham
userPassword: {SSHA512}Y/veF1jHh1Jsir7FNetltcLPGueP076ZP5NBsdAQbC9l2eCw91yb69l25wWFO6P0N+hwx7uMhYDPCA8RAYylFqNQ2eLs4sXP
description: HcRvpblE3o8RWoW68fpFO8rW1tLlqlIL
street: 11059 Chestnut Street
st: OR
postalAddress: Adey Needham$11059 Chestnut Street$Monterey Bay Area, OR  06273
uid: user.48918
l: Monterey Bay Area
postalCode: 06273

# Object ds1.example.com:1389: uid=user.48918,ou=People,dc=example,dc=com = NOT MATCHING
dn: uid=user.48918,ou=People,dc=example,dc=com
objectClass: top
objectClass: inetOrgPerson
objectClass: organizationalPerson
objectClass: person
mail: user.48918@example.com
initials: ACN
homePhone: +1 736 620 4973
pager: +1 956 074 1417
givenName: Adey
employeeNumber: 48918
telephoneNumber: +1 500 149 5323
mobile: +1 849 355 1693
sn: Needham
cn: Adey Needham
userPassword: {SSHA512}Y/veF1jHh1Jsir7FNetltcLPGueP076ZP5NBsdAQbC9l2eCw91yb69l25wWFO6P0N+hwx7uMhYDPCA8RAYylFqNQ2eLs4sXP
description: 9DJduqTbQjXc9ZCC
street: 11059 Chestnut Street
st: OR
postalAddress: Adey Needham$11059 Chestnut Street$Monterey Bay Area, OR  06273
uid: user.48918
l: Monterey Bay Area
postalCode: 06273

# Object ds0.example.com:1389: uid=user.116584,ou=People,dc=example,dc=com = NOT MATCHING
dn: uid=user.116584,ou=People,dc=example,dc=com
objectClass: top
objectClass: inetOrgPerson
objectClass: organizationalPerson
objectClass: person
mail: user.116584@example.com
initials: AIP
homePhone: +1 751 463 1065
pager: +1 758 599 4095
givenName: Atsushi
employeeNumber: 116584
telephoneNumber: +1 504 468 3707
mobile: +1 790 380 3403
sn: Parrish
cn: Atsushi Parrish
userPassword: {SSHA512}5y78DmqEHH6+Vj0zPnApm0qCqr/3hRIA170Dz20e7pMxvJWyWUYIyEDLtTn4AQU1paJRLKcKodqwsxpKjvl+QNcMb3l0emC8
description: Zou79qPuLSVJRl3e
street: 96918 Fourth Street
st: FL
postalAddress: Atsushi Parrish$96918 Fourth Street$Savannah, FL  78194
uid: user.116584
l: Savannah
postalCode: 78194

# Object ds1.example.com:1389: uid=user.116584,ou=People,dc=example,dc=com = NOT MATCHING
dn: uid=user.116584,ou=People,dc=example,dc=com
objectClass: top
objectClass: inetOrgPerson
objectClass: organizationalPerson
objectClass: person
mail: user.116584@example.com
initials: AIP
homePhone: +1 751 463 1065
pager: +1 758 599 4095
givenName: Atsushi
employeeNumber: 116584
telephoneNumber: +1 504 468 3707
mobile: +1 790 380 3403
sn: Parrish
cn: Atsushi Parrish
userPassword: {SSHA512}5y78DmqEHH6+Vj0zPnApm0qCqr/3hRIA170Dz20e7pMxvJWyWUYIyEDLtTn4AQU1paJRLKcKodqwsxpKjvl+QNcMb3l0emC8
description: Zou79qPuLSVJRl3e
street: 96918 Fourth Street
st: FL
postalAddress: Atsushi Parrish$96918 Fourth Street$Savannah, FL  78194
uid: user.116584
l: Savannah
postalCode: 78194

# Object ds0.example.com:1389: uid=user.9657,ou=People,dc=example,dc=com = NOT MATCHING
dn: uid=user.9657,ou=People,dc=example,dc=com
objectClass: top
objectClass: inetOrgPerson
objectClass: organizationalPerson
objectClass: person
mail: user.9657@example.com
initials: BRP
homePhone: +1 490 409 1348
pager: +1 772 456 5570
givenName: Bridget
employeeNumber: 9657
telephoneNumber: +1 099 374 6083
mobile: +1 724 805 6803
sn: Portwood
cn: Bridget Portwood
userPassword: {SSHA512}WS/R+eg0RxAlhTi6m3L8vW8hFULlA6441O1yj6sCmoxvBhVzGIWkpRGqeR5um8ALFdd0ZRg3uO+3HX1tKsew/JPLxoVLH/jU
description: HGUUIE9bLxaz9HFO
street: 30920 Hickory Street
st: KS
postalAddress: Bridget Portwood$30920 Hickory Street$Clarksburg, KS  51821
uid: user.9657
l: Clarksburg
postalCode: 51821

# Object ds1.example.com:1389: uid=user.9657,ou=People,dc=example,dc=com = NOT MATCHING
dn: uid=user.9657,ou=People,dc=example,dc=com
objectClass: top
objectClass: inetOrgPerson
objectClass: organizationalPerson
objectClass: person
mail: user.9657@example.com
initials: BRP
homePhone: +1 490 409 1348
pager: +1 772 456 5570
givenName: Bridget
employeeNumber: 9657
telephoneNumber: +1 099 374 6083
mobile: +1 724 805 6803
sn: Portwood
cn: Bridget Portwood
userPassword: {SSHA512}WS/R+eg0RxAlhTi6m3L8vW8hFULlA6441O1yj6sCmoxvBhVzGIWkpRGqeR5um8ALFdd0ZRg3uO+3HX1tKsew/JPLxoVLH/jU
description: HGUUIE9bLxaz9HFO
street: 30920 Hickory Street
st: KS
postalAddress: Bridget Portwood$30920 Hickory Street$Clarksburg, KS  51821
uid: user.9657
l: Clarksburg
postalCode: 51821

# Object ds0.example.com:1389: uid=user.164777,ou=People,dc=example,dc=com = NOT MATCHING
dn: uid=user.164777,ou=People,dc=example,dc=com
objectClass: top
objectClass: inetOrgPerson
objectClass: organizationalPerson
objectClass: person
mail: user.164777@example.com
initials: JLF
homePhone: +1 050 921 9774
pager: +1 790 977 4072
givenName: JamesMichael
employeeNumber: 164777
telephoneNumber: +1 331 021 4438
mobile: +1 433 749 9517
sn: Farias
cn: JamesMichael Farias
userPassword: {SSHA512}mQAiCaebsoMCSFOqOER87uQa7amYM6QcIlE386aO5wpuvW7LGL5K4kEpqXRw2ASJS4dr/E/7w3vmqjXry8ZzZ+meORjhEsB9
description: LyXLKdxAMVbjeip5
street: 22195 Spruce Street
st: TN
postalAddress: JamesMichael Farias$22195 Spruce Street$Greenville, TN  42308
uid: user.164777
l: Greenville
postalCode: 42308

# Object ds1.example.com:1389: uid=user.164777,ou=People,dc=example,dc=com = NOT MATCHING
dn: uid=user.164777,ou=People,dc=example,dc=com
objectClass: top
objectClass: inetOrgPerson
objectClass: organizationalPerson
objectClass: person
mail: user.164777@example.com
initials: JLF
homePhone: +1 050 921 9774
pager: +1 790 977 4072
givenName: JamesMichael
employeeNumber: 164777
telephoneNumber: +1 331 021 4438
mobile: +1 433 749 9517
sn: Farias
cn: JamesMichael Farias
userPassword: {SSHA512}mQAiCaebsoMCSFOqOER87uQa7amYM6QcIlE386aO5wpuvW7LGL5K4kEpqXRw2ASJS4dr/E/7w3vmqjXry8ZzZ+meORjhEsB9
description: LyXLKdxAMVbjeip5
street: 22195 Spruce Street
st: TN
postalAddress: JamesMichael Farias$22195 Spruce Street$Greenville, TN  42308
uid: user.164777
l: Greenville
postalCode: 42308

# Object ds0.example.com:1389: uid=user.3,ou=People,dc=example,dc=com = NOT MATCHING
dn: uid=user.3,ou=People,dc=example,dc=com
objectClass: top
objectClass: inetOrgPerson
objectClass: organizationalPerson
objectClass: person
mail: user.3@example.com
initials: AKA
homePhone: +1 332 432 4295
pager: +1 197 025 3730
givenName: Aaron
employeeNumber: 3
telephoneNumber: +1 888 888 8888
mobile: +1 890 430 9077
sn: Atrc
cn: Aaron Atrc
userPassword: {SSHA512}BE46x4frIwx/xEldOE9zFlXbsYTq7T5hzAuftR1PspazhbOTStOpXOwSkc2NHpK+4TKmkWi/5S2syEEbBPLt2UqtWN+9vogZ
description: 0dqjjyoMRkY1OzTQ
street: 59748 Willow Street
st: TN
postalAddress: Aaron Atrc$59748 Willow Street$Green Bay, TN  66239
uid: user.3
l: Green Bay
postalCode: 66239

# Object ds1.example.com:1389: uid=user.3,ou=People,dc=example,dc=com = NOT MATCHING
dn: uid=user.3,ou=People,dc=example,dc=com
objectClass: top
objectClass: inetOrgPerson
objectClass: organizationalPerson
objectClass: person
mail: user.3@example.com
initials: AKA
homePhone: +1 332 432 4295
pager: +1 197 025 3730
givenName: Aaron
employeeNumber: 3
telephoneNumber: +1 094 100 7524
mobile: +1 890 430 9077
sn: Atrc
cn: Aaron Atrc
userPassword: {SSHA512}BE46x4frIwx/xEldOE9zFlXbsYTq7T5hzAuftR1PspazhbOTStOpXOwSkc2NHpK+4TKmkWi/5S2syEEbBPLt2UqtWN+9vogZ
description: 0dqjjyoMRkY1OzTQ
street: 59748 Willow Street
st: TN
postalAddress: Aaron Atrc$59748 Willow Street$Green Bay, TN  66239
uid: user.3
l: Green Bay
postalCode: 66239

